[debug] [2023-07-17T20:50:27.002Z] ----------------------------------------------------------------------
[debug] [2023-07-17T20:50:27.004Z] Command:       C:\Users\slim-\DOWNLO~1\firebase-tools-instant-win.exe C:\Users\slim-\.cache\firebase\tools\lib\node_modules\firebase-tools\lib\bin\firebase init
[debug] [2023-07-17T20:50:27.004Z] CLI Version:   12.4.4
[debug] [2023-07-17T20:50:27.005Z] Platform:      win32
[debug] [2023-07-17T20:50:27.005Z] Node Version:  v16.16.0
[debug] [2023-07-17T20:50:27.006Z] Time:          Mon Jul 17 2023 22:50:27 GMT+0200 (GMT+02:00)
[debug] [2023-07-17T20:50:27.006Z] ----------------------------------------------------------------------
[debug] 
[debug] [2023-07-17T20:50:27.016Z] > command requires scopes: ["email","openid","https://www.googleapis.com/auth/cloudplatformprojects.readonly","https://www.googleapis.com/auth/firebase","https://www.googleapis.com/auth/cloud-platform"]
[debug] [2023-07-17T20:50:27.017Z] > authorizing via signed-in user (slim.shadyx92@gmail.com)
[info] 
     ######## #### ########  ######## ########     ###     ######  ########
     ##        ##  ##     ## ##       ##     ##  ##   ##  ##       ##
     ######    ##  ########  ######   ########  #########  ######  ######
     ##        ##  ##    ##  ##       ##     ## ##     ##       ## ##
     ##       #### ##     ## ######## ########  ##     ##  ######  ########

You're about to initialize a Firebase project in this directory:

  C:\Users\slim-\Documents\artist-market\artist-market\src

[info] 
=== Project Setup
[info] 
[info] First, let's associate this project directory with a Firebase project.
[info] You can create multiple project aliases by running firebase use --add, 
[info] but for now we'll just set up a default project.
[info] 
[info] i  If you want to create a project in a Google Cloud organization or folder, please use "firebase projects:create" instead, and return to this command when you've created the project. 
[debug] [2023-07-17T20:50:43.918Z] >>> [apiv2][query] POST https://cloudresourcemanager.googleapis.com/v1/projects [none]
[debug] [2023-07-17T20:50:43.918Z] >>> [apiv2][body] POST https://cloudresourcemanager.googleapis.com/v1/projects {"projectId":"calc1","name":"calc1"}
[debug] [2023-07-17T20:50:44.808Z] <<< [apiv2][status] POST https://cloudresourcemanager.googleapis.com/v1/projects 400
[debug] [2023-07-17T20:50:44.808Z] <<< [apiv2][body] POST https://cloudresourcemanager.googleapis.com/v1/projects {"error":{"code":400,"message":"field [project_id] has issue [project_id must be at least 6 characters long]","status":"INVALID_ARGUMENT","details":[{"@type":"type.googleapis.com/google.rpc.BadRequest","fieldViolations":[{"field":"project_id","description":"project_id must be at least 6 characters long"}]},{"@type":"type.googleapis.com/google.rpc.Help","links":[{"url":"https://cloud.google.com/resource-manager/reference/rest/v1/projects"}]}]}}
[debug] [2023-07-17T20:50:44.811Z] FirebaseError: HTTP Error: 400, field [project_id] has issue [project_id must be at least 6 characters long]
    at responseToError (C:\Users\slim-\.cache\firebase\tools\lib\node_modules\firebase-tools\lib\responseToError.js:49:12)
    at RetryOperation._fn (C:\Users\slim-\.cache\firebase\tools\lib\node_modules\firebase-tools\lib\apiv2.js:289:77)
    at processTicksAndRejections (node:internal/process/task_queues:96:5)
[error] 
[error] Error: Failed to create project. See firebase-debug.log for more info.
